-------------------------------------------------------------------------------
Test set: RunCucumberTest
-------------------------------------------------------------------------------
Tests run: 2, Failures: 1, Errors: 0, Skipped: 0, Time elapsed: 0.886 sec <<< FAILURE! - in RunCucumberTest
List of actors fetched(EMPTY_NAME)  Time elapsed: 0.022 sec  <<< FAILURE!
org.opentest4j.AssertionFailedError: expected: <null> but was: <com.example.sakila.entities.Actor@11381415>

